2025-08-05 17:45:12,753 [WARNING] app: HTTP ошибка 404 при запросе DELETE http://localhost:8000/user/delete/1008114047: Пользователь не найден
2025-08-06 12:20:44,243 [WARNING] app: Ошибка валидации запроса: POST http://localhost:8000/olymp/set_display/ | Body: {"olymp_id": "7"} | Ошибки: [{'type': 'missing', 'loc': ('query', 'olymp_id'), 'msg': 'Field required', 'input': None}]
2025-08-06 12:22:27,589 [WARNING] app: Ошибка валидации запроса: POST http://localhost:8000/olymp/set_display/ | Body: — | Ошибки: [{'type': 'missing', 'loc': ('query', 'olymp_id'), 'msg': 'Field required', 'input': None}]
2025-08-08 17:20:28,318 [WARNING] app: Ошибка валидации запроса: GET http://localhost:8000/user/get/None | Body: — | Ошибки: [{'type': 'int_parsing', 'loc': ('path', 'tg_id'), 'msg': 'Input should be a valid integer, unable to parse string as an integer', 'input': 'None'}]
2025-08-08 17:48:58,010 [WARNING] app: HTTP ошибка 404 при запросе GET http://127.0.0.1:8000/: Not Found
2025-08-11 15:04:33,954 [WARNING] app: Ошибка валидации запроса: PUT http://localhost:8000/user/update/ | Body: {"tg_id": 8362964488, "first_name": "\u041c\u0438\u0438\u0448\u043a\u0430", "phone_verified": false} | Ошибки: [{'type': 'string_type', 'loc': ('body', 'tg_id'), 'msg': 'Input should be a valid string', 'input': 8362964488}]
2025-08-11 15:05:35,156 [WARNING] app: Ошибка валидации запроса: PUT http://localhost:8000/user/update/ | Body: {"tg_id": 8362964488, "first_name": "\u041c\u0438\u0445\u0430\u0438\u043b", "phone_verified": false} | Ошибки: [{'type': 'string_type', 'loc': ('body', 'tg_id'), 'msg': 'Input should be a valid string', 'input': 8362964488}]
2025-08-12 15:32:20,842 [INFO] app: Application startup: tables ensured and exception handlers registered
2025-08-12 16:01:07,964 [INFO] app: Application startup: tables ensured and exception handlers registered
2025-08-12 16:20:52,798 [INFO] app: Application startup: tables ensured and exception handlers registered
2025-08-12 16:21:43,711 [INFO] app: Application startup: tables ensured and exception handlers registered
2025-08-12 16:21:48,366 [INFO] app: Application startup: tables ensured and exception handlers registered
2025-08-12 16:22:19,431 [INFO] app: Application startup: tables ensured and exception handlers registered
2025-08-12 16:22:38,317 [INFO] app: Application startup: tables ensured and exception handlers registered
2025-08-12 16:22:41,540 [INFO] app: Application startup: tables ensured and exception handlers registered
2025-08-12 16:22:53,858 [INFO] app: Application startup: tables ensured and exception handlers registered
2025-08-12 16:23:23,338 [INFO] app: Application startup: tables ensured and exception handlers registered
2025-08-12 16:23:43,458 [INFO] app: Application startup: tables ensured and exception handlers registered
2025-08-12 16:23:46,817 [INFO] app: Application startup: tables ensured and exception handlers registered
2025-08-12 17:39:02,086 [INFO] app: Application startup: tables ensured and exception handlers registered
2025-08-12 17:46:24,432 [INFO] app: Application startup: tables ensured and exception handlers registered
2025-08-12 17:47:46,242 [WARNING] app: HTTP ошибка 404 при запросе PATCH http://localhost:8000/like/set_read/?from_user_tg_id=1008114047&to_user_tg_id=1165085695: Лайк не найден
2025-08-12 18:28:34,871 [INFO] app: Application startup: tables ensured and exception handlers registered
2025-08-12 18:29:25,129 [INFO] app: Application startup: tables ensured and exception handlers registered
2025-08-12 18:30:51,696 [INFO] app: Application startup: tables ensured and exception handlers registered
2025-08-12 18:36:32,557 [INFO] app: Application startup: tables ensured and exception handlers registered
2025-08-12 18:37:45,996 [INFO] app: Application startup: tables ensured and exception handlers registered
2025-08-12 18:40:36,794 [INFO] app: Application startup: tables ensured and exception handlers registered
2025-08-12 18:41:27,271 [INFO] app: Application startup: tables ensured and exception handlers registered
2025-08-12 19:01:30,547 [ERROR] app: RabbitMQ connection error: (406, "PRECONDITION_FAILED - inequivalent arg 'durable' for queue 'likes' in vhost '/': received 'true' but current is 'false'"). Reconnecting in 5s...
2025-08-12 19:01:35,568 [ERROR] app: RabbitMQ connection error: (406, "PRECONDITION_FAILED - inequivalent arg 'durable' for queue 'likes' in vhost '/': received 'true' but current is 'false'"). Reconnecting in 5s...
2025-08-12 19:01:40,583 [ERROR] app: RabbitMQ connection error: (406, "PRECONDITION_FAILED - inequivalent arg 'durable' for queue 'likes' in vhost '/': received 'true' but current is 'false'"). Reconnecting in 5s...
2025-08-12 19:01:45,206 [ERROR] app: RabbitMQ connection error: (406, "PRECONDITION_FAILED - inequivalent arg 'durable' for queue 'likes' in vhost '/': received 'true' but current is 'false'"). Reconnecting in 5s...
2025-08-12 19:01:50,221 [ERROR] app: RabbitMQ connection error: (406, "PRECONDITION_FAILED - inequivalent arg 'durable' for queue 'likes' in vhost '/': received 'true' but current is 'false'"). Reconnecting in 5s...
2025-08-12 19:01:55,237 [ERROR] app: RabbitMQ connection error: (406, "PRECONDITION_FAILED - inequivalent arg 'durable' for queue 'likes' in vhost '/': received 'true' but current is 'false'"). Reconnecting in 5s...
2025-08-12 19:02:00,253 [ERROR] app: RabbitMQ connection error: (406, "PRECONDITION_FAILED - inequivalent arg 'durable' for queue 'likes' in vhost '/': received 'true' but current is 'false'"). Reconnecting in 5s...
2025-08-12 19:02:34,958 [INFO] app: Application startup: tables ensured and exception handlers registered
2025-08-12 19:02:37,305 [INFO] app: Application startup: tables ensured and exception handlers registered
2025-08-12 19:02:43,904 [INFO] app: Application startup: tables ensured and exception handlers registered
2025-08-12 19:02:52,749 [INFO] app: Application startup: tables ensured and exception handlers registered
2025-08-12 19:02:55,422 [INFO] app: Application startup: tables ensured and exception handlers registered
2025-08-12 19:41:45,794 [INFO] app: Application startup: tables ensured and exception handlers registered
2025-08-14 14:45:53,166 [INFO] app: Application startup: tables ensured and exception handlers registered
2025-08-14 19:02:22,164 [INFO] app: Application startup: tables ensured and exception handlers registered
2025-08-14 19:02:24,394 [INFO] app: Application startup: tables ensured and exception handlers registered
2025-08-14 19:02:30,050 [INFO] app: Application startup: tables ensured and exception handlers registered
2025-08-14 19:03:07,478 [WARNING] app: HTTP ошибка 400 при запросе POST http://localhost:8000/olymp/create/: Olympiad already exists with the same data
2025-08-14 19:03:07,482 [WARNING] app: HTTP ошибка 400 при запросе POST http://localhost:8000/olymp/create/: Olympiad already exists with the same data
2025-08-26 12:19:15,506 [INFO] app: Application startup: tables ensured and exception handlers registered
2025-08-26 12:19:26,270 [INFO] app: Application startup: tables ensured and exception handlers registered
2025-08-26 12:34:37,076 [INFO] app: Application startup: tables ensured and exception handlers registered
2025-08-26 12:34:44,030 [INFO] app: Application startup: tables ensured and exception handlers registered
2025-08-26 12:43:40,062 [INFO] app: Application startup: tables ensured and exception handlers registered
2025-08-26 12:43:47,024 [INFO] app: Application startup: tables ensured and exception handlers registered
